{"D:\\Projekty\\apliakcje_Node.js\\mvc_nodejs_crud\\mvc_nodejs_crud\\app\\controllers\\authController.js": {"path":"D:\\Projekty\\apliakcje_Node.js\\mvc_nodejs_crud\\mvc_nodejs_crud\\app\\controllers\\authController.js","statementMap":{"0":{"start":{"line":1,"column":13},"end":{"line":1,"column":37}},"1":{"start":{"line":2,"column":15},"end":{"line":2,"column":32}},"2":{"start":{"line":3,"column":12},"end":{"line":3,"column":35}},"3":{"start":{"line":5,"column":20},"end":{"line":46,"column":1}},"4":{"start":{"line":6,"column":26},"end":{"line":6,"column":34}},"5":{"start":{"line":7,"column":4},"end":{"line":7,"column":105}},"6":{"start":{"line":7,"column":23},"end":{"line":7,"column":105}},"7":{"start":{"line":9,"column":22},"end":{"line":9,"column":67}},"8":{"start":{"line":10,"column":4},"end":{"line":10,"column":47}},"9":{"start":{"line":10,"column":20},"end":{"line":10,"column":47}},"10":{"start":{"line":12,"column":18},"end":{"line":12,"column":63}},"11":{"start":{"line":13,"column":4},"end":{"line":45,"column":5}},"12":{"start":{"line":14,"column":22},"end":{"line":14,"column":68}},"13":{"start":{"line":16,"column":28},"end":{"line":25,"column":9}},"14":{"start":{"line":26,"column":29},"end":{"line":30,"column":9}},"15":{"start":{"line":32,"column":8},"end":{"line":32,"column":46}},"16":{"start":{"line":33,"column":23},"end":{"line":33,"column":45}},"17":{"start":{"line":34,"column":8},"end":{"line":34,"column":28}},"18":{"start":{"line":35,"column":8},"end":{"line":35,"column":27}},"19":{"start":{"line":38,"column":8},"end":{"line":38,"column":121}},"20":{"start":{"line":41,"column":8},"end":{"line":41,"column":41}},"21":{"start":{"line":44,"column":8},"end":{"line":44,"column":28}},"22":{"start":{"line":48,"column":0},"end":{"line":48,"column":33}}},"fnMap":{"0":{"name":"(anonymous_0)","decl":{"start":{"line":5,"column":20},"end":{"line":5,"column":21}},"loc":{"start":{"line":5,"column":40},"end":{"line":46,"column":1}},"line":5}},"branchMap":{"0":{"loc":{"start":{"line":7,"column":4},"end":{"line":7,"column":105}},"type":"if","locations":[{"start":{"line":7,"column":4},"end":{"line":7,"column":105}},{"start":{},"end":{}}],"line":7},"1":{"loc":{"start":{"line":7,"column":8},"end":{"line":7,"column":21}},"type":"binary-expr","locations":[{"start":{"line":7,"column":8},"end":{"line":7,"column":13}},{"start":{"line":7,"column":17},"end":{"line":7,"column":21}}],"line":7},"2":{"loc":{"start":{"line":10,"column":4},"end":{"line":10,"column":47}},"type":"if","locations":[{"start":{"line":10,"column":4},"end":{"line":10,"column":47}},{"start":{},"end":{}}],"line":10},"3":{"loc":{"start":{"line":13,"column":4},"end":{"line":45,"column":5}},"type":"if","locations":[{"start":{"line":13,"column":4},"end":{"line":45,"column":5}},{"start":{"line":43,"column":11},"end":{"line":45,"column":5}}],"line":13}},"s":{"0":1,"1":1,"2":1,"3":1,"4":5,"5":5,"6":2,"7":3,"8":3,"9":1,"10":2,"11":2,"12":1,"13":1,"14":1,"15":1,"16":1,"17":1,"18":1,"19":1,"20":1,"21":1,"22":1},"f":{"0":5},"b":{"0":[2,3],"1":[5,4],"2":[1,2],"3":[1,1]},"_coverageSchema":"1a1c01bbd47fc00a2c39e90264f33305004495a9","hash":"530d51db32d28405c2eae7d74517cb46ba721653"}
,"D:\\Projekty\\apliakcje_Node.js\\mvc_nodejs_crud\\mvc_nodejs_crud\\app\\controllers\\employeesController.js": {"path":"D:\\Projekty\\apliakcje_Node.js\\mvc_nodejs_crud\\mvc_nodejs_crud\\app\\controllers\\employeesController.js","statementMap":{"0":{"start":{"line":1,"column":17},"end":{"line":1,"column":45}},"1":{"start":{"line":3,"column":24},"end":{"line":7,"column":1}},"2":{"start":{"line":4,"column":22},"end":{"line":4,"column":43}},"3":{"start":{"line":5,"column":4},"end":{"line":5,"column":86}},"4":{"start":{"line":5,"column":20},"end":{"line":5,"column":86}},"5":{"start":{"line":6,"column":4},"end":{"line":6,"column":24}},"6":{"start":{"line":9,"column":26},"end":{"line":24,"column":1}},"7":{"start":{"line":10,"column":4},"end":{"line":12,"column":5}},"8":{"start":{"line":11,"column":8},"end":{"line":11,"column":88}},"9":{"start":{"line":14,"column":4},"end":{"line":23,"column":5}},"10":{"start":{"line":15,"column":23},"end":{"line":18,"column":10}},"11":{"start":{"line":20,"column":8},"end":{"line":20,"column":37}},"12":{"start":{"line":22,"column":8},"end":{"line":22,"column":27}},"13":{"start":{"line":26,"column":23},"end":{"line":39,"column":1}},"14":{"start":{"line":27,"column":4},"end":{"line":29,"column":5}},"15":{"start":{"line":28,"column":8},"end":{"line":28,"column":80}},"16":{"start":{"line":31,"column":21},"end":{"line":31,"column":72}},"17":{"start":{"line":32,"column":4},"end":{"line":34,"column":5}},"18":{"start":{"line":33,"column":8},"end":{"line":33,"column":93}},"19":{"start":{"line":35,"column":4},"end":{"line":35,"column":69}},"20":{"start":{"line":35,"column":29},"end":{"line":35,"column":69}},"21":{"start":{"line":36,"column":4},"end":{"line":36,"column":66}},"22":{"start":{"line":36,"column":28},"end":{"line":36,"column":66}},"23":{"start":{"line":37,"column":19},"end":{"line":37,"column":40}},"24":{"start":{"line":38,"column":4},"end":{"line":38,"column":21}},"25":{"start":{"line":41,"column":23},"end":{"line":50,"column":1}},"26":{"start":{"line":42,"column":4},"end":{"line":42,"column":92}},"27":{"start":{"line":42,"column":24},"end":{"line":42,"column":92}},"28":{"start":{"line":44,"column":21},"end":{"line":44,"column":72}},"29":{"start":{"line":45,"column":4},"end":{"line":47,"column":5}},"30":{"start":{"line":46,"column":8},"end":{"line":46,"column":93}},"31":{"start":{"line":48,"column":19},"end":{"line":48,"column":45}},"32":{"start":{"line":49,"column":4},"end":{"line":49,"column":21}},"33":{"start":{"line":52,"column":20},"end":{"line":60,"column":1}},"34":{"start":{"line":53,"column":4},"end":{"line":53,"column":94}},"35":{"start":{"line":53,"column":26},"end":{"line":53,"column":94}},"36":{"start":{"line":55,"column":21},"end":{"line":55,"column":74}},"37":{"start":{"line":56,"column":4},"end":{"line":58,"column":5}},"38":{"start":{"line":57,"column":8},"end":{"line":57,"column":95}},"39":{"start":{"line":59,"column":4},"end":{"line":59,"column":23}},"40":{"start":{"line":62,"column":0},"end":{"line":68,"column":1}}},"fnMap":{"0":{"name":"(anonymous_0)","decl":{"start":{"line":3,"column":24},"end":{"line":3,"column":25}},"loc":{"start":{"line":3,"column":44},"end":{"line":7,"column":1}},"line":3},"1":{"name":"(anonymous_1)","decl":{"start":{"line":9,"column":26},"end":{"line":9,"column":27}},"loc":{"start":{"line":9,"column":46},"end":{"line":24,"column":1}},"line":9},"2":{"name":"(anonymous_2)","decl":{"start":{"line":26,"column":23},"end":{"line":26,"column":24}},"loc":{"start":{"line":26,"column":43},"end":{"line":39,"column":1}},"line":26},"3":{"name":"(anonymous_3)","decl":{"start":{"line":41,"column":23},"end":{"line":41,"column":24}},"loc":{"start":{"line":41,"column":43},"end":{"line":50,"column":1}},"line":41},"4":{"name":"(anonymous_4)","decl":{"start":{"line":52,"column":20},"end":{"line":52,"column":21}},"loc":{"start":{"line":52,"column":40},"end":{"line":60,"column":1}},"line":52}},"branchMap":{"0":{"loc":{"start":{"line":5,"column":4},"end":{"line":5,"column":86}},"type":"if","locations":[{"start":{"line":5,"column":4},"end":{"line":5,"column":86}},{"start":{},"end":{}}],"line":5},"1":{"loc":{"start":{"line":10,"column":4},"end":{"line":12,"column":5}},"type":"if","locations":[{"start":{"line":10,"column":4},"end":{"line":12,"column":5}},{"start":{},"end":{}}],"line":10},"2":{"loc":{"start":{"line":10,"column":8},"end":{"line":10,"column":53}},"type":"binary-expr","locations":[{"start":{"line":10,"column":8},"end":{"line":10,"column":29}},{"start":{"line":10,"column":33},"end":{"line":10,"column":53}}],"line":10},"3":{"loc":{"start":{"line":27,"column":4},"end":{"line":29,"column":5}},"type":"if","locations":[{"start":{"line":27,"column":4},"end":{"line":29,"column":5}},{"start":{},"end":{}}],"line":27},"4":{"loc":{"start":{"line":32,"column":4},"end":{"line":34,"column":5}},"type":"if","locations":[{"start":{"line":32,"column":4},"end":{"line":34,"column":5}},{"start":{},"end":{}}],"line":32},"5":{"loc":{"start":{"line":35,"column":4},"end":{"line":35,"column":69}},"type":"if","locations":[{"start":{"line":35,"column":4},"end":{"line":35,"column":69}},{"start":{},"end":{}}],"line":35},"6":{"loc":{"start":{"line":36,"column":4},"end":{"line":36,"column":66}},"type":"if","locations":[{"start":{"line":36,"column":4},"end":{"line":36,"column":66}},{"start":{},"end":{}}],"line":36},"7":{"loc":{"start":{"line":42,"column":4},"end":{"line":42,"column":92}},"type":"if","locations":[{"start":{"line":42,"column":4},"end":{"line":42,"column":92}},{"start":{},"end":{}}],"line":42},"8":{"loc":{"start":{"line":45,"column":4},"end":{"line":47,"column":5}},"type":"if","locations":[{"start":{"line":45,"column":4},"end":{"line":47,"column":5}},{"start":{},"end":{}}],"line":45},"9":{"loc":{"start":{"line":53,"column":4},"end":{"line":53,"column":94}},"type":"if","locations":[{"start":{"line":53,"column":4},"end":{"line":53,"column":94}},{"start":{},"end":{}}],"line":53},"10":{"loc":{"start":{"line":56,"column":4},"end":{"line":58,"column":5}},"type":"if","locations":[{"start":{"line":56,"column":4},"end":{"line":58,"column":5}},{"start":{},"end":{}}],"line":56}},"s":{"0":1,"1":1,"2":2,"3":2,"4":1,"5":1,"6":1,"7":3,"8":2,"9":1,"10":1,"11":1,"12":0,"13":1,"14":3,"15":1,"16":2,"17":2,"18":1,"19":1,"20":1,"21":1,"22":1,"23":1,"24":1,"25":1,"26":3,"27":1,"28":2,"29":2,"30":1,"31":1,"32":1,"33":1,"34":3,"35":1,"36":2,"37":2,"38":1,"39":1,"40":1},"f":{"0":2,"1":3,"2":3,"3":3,"4":3},"b":{"0":[1,1],"1":[2,1],"2":[3,2],"3":[1,2],"4":[1,1],"5":[1,0],"6":[1,0],"7":[1,2],"8":[1,1],"9":[1,2],"10":[1,1]},"_coverageSchema":"1a1c01bbd47fc00a2c39e90264f33305004495a9","hash":"a7c3c7a32c50a9f5993dddd52cdeabebdce3c1a3"}
,"D:\\Projekty\\apliakcje_Node.js\\mvc_nodejs_crud\\mvc_nodejs_crud\\app\\controllers\\logoutController.js": {"path":"D:\\Projekty\\apliakcje_Node.js\\mvc_nodejs_crud\\mvc_nodejs_crud\\app\\controllers\\logoutController.js","statementMap":{"0":{"start":{"line":1,"column":13},"end":{"line":1,"column":37}},"1":{"start":{"line":3,"column":21},"end":{"line":24,"column":1}},"2":{"start":{"line":6,"column":20},"end":{"line":6,"column":31}},"3":{"start":{"line":7,"column":4},"end":{"line":7,"column":50}},"4":{"start":{"line":7,"column":23},"end":{"line":7,"column":50}},"5":{"start":{"line":8,"column":25},"end":{"line":8,"column":36}},"6":{"start":{"line":11,"column":22},"end":{"line":11,"column":65}},"7":{"start":{"line":12,"column":4},"end":{"line":15,"column":5}},"8":{"start":{"line":13,"column":8},"end":{"line":13,"column":83}},"9":{"start":{"line":14,"column":8},"end":{"line":14,"column":35}},"10":{"start":{"line":18,"column":4},"end":{"line":18,"column":32}},"11":{"start":{"line":19,"column":19},"end":{"line":19,"column":41}},"12":{"start":{"line":20,"column":4},"end":{"line":20,"column":24}},"13":{"start":{"line":22,"column":4},"end":{"line":22,"column":79}},"14":{"start":{"line":23,"column":4},"end":{"line":23,"column":24}},"15":{"start":{"line":26,"column":0},"end":{"line":26,"column":33}}},"fnMap":{"0":{"name":"(anonymous_0)","decl":{"start":{"line":3,"column":21},"end":{"line":3,"column":22}},"loc":{"start":{"line":3,"column":41},"end":{"line":24,"column":1}},"line":3}},"branchMap":{"0":{"loc":{"start":{"line":7,"column":4},"end":{"line":7,"column":50}},"type":"if","locations":[{"start":{"line":7,"column":4},"end":{"line":7,"column":50}},{"start":{},"end":{}}],"line":7},"1":{"loc":{"start":{"line":12,"column":4},"end":{"line":15,"column":5}},"type":"if","locations":[{"start":{"line":12,"column":4},"end":{"line":15,"column":5}},{"start":{},"end":{}}],"line":12}},"s":{"0":0,"1":0,"2":0,"3":0,"4":0,"5":0,"6":0,"7":0,"8":0,"9":0,"10":0,"11":0,"12":0,"13":0,"14":0,"15":0},"f":{"0":0},"b":{"0":[0,0],"1":[0,0]}}
,"D:\\Projekty\\apliakcje_Node.js\\mvc_nodejs_crud\\mvc_nodejs_crud\\app\\controllers\\refreshTokenController.js": {"path":"D:\\Projekty\\apliakcje_Node.js\\mvc_nodejs_crud\\mvc_nodejs_crud\\app\\controllers\\refreshTokenController.js","statementMap":{"0":{"start":{"line":1,"column":13},"end":{"line":1,"column":37}},"1":{"start":{"line":2,"column":12},"end":{"line":2,"column":35}},"2":{"start":{"line":4,"column":27},"end":{"line":31,"column":1}},"3":{"start":{"line":5,"column":20},"end":{"line":5,"column":31}},"4":{"start":{"line":6,"column":4},"end":{"line":6,"column":50}},"5":{"start":{"line":6,"column":23},"end":{"line":6,"column":50}},"6":{"start":{"line":7,"column":25},"end":{"line":7,"column":36}},"7":{"start":{"line":9,"column":22},"end":{"line":9,"column":65}},"8":{"start":{"line":10,"column":4},"end":{"line":10,"column":47}},"9":{"start":{"line":10,"column":20},"end":{"line":10,"column":47}},"10":{"start":{"line":12,"column":4},"end":{"line":30,"column":6}},"11":{"start":{"line":16,"column":12},"end":{"line":16,"column":91}},"12":{"start":{"line":16,"column":64},"end":{"line":16,"column":91}},"13":{"start":{"line":17,"column":26},"end":{"line":17,"column":56}},"14":{"start":{"line":18,"column":32},"end":{"line":27,"column":13}},"15":{"start":{"line":28,"column":12},"end":{"line":28,"column":44}},"16":{"start":{"line":33,"column":0},"end":{"line":33,"column":39}}},"fnMap":{"0":{"name":"(anonymous_0)","decl":{"start":{"line":4,"column":27},"end":{"line":4,"column":28}},"loc":{"start":{"line":4,"column":47},"end":{"line":31,"column":1}},"line":4},"1":{"name":"(anonymous_1)","decl":{"start":{"line":15,"column":8},"end":{"line":15,"column":9}},"loc":{"start":{"line":15,"column":26},"end":{"line":29,"column":9}},"line":15}},"branchMap":{"0":{"loc":{"start":{"line":6,"column":4},"end":{"line":6,"column":50}},"type":"if","locations":[{"start":{"line":6,"column":4},"end":{"line":6,"column":50}},{"start":{},"end":{}}],"line":6},"1":{"loc":{"start":{"line":10,"column":4},"end":{"line":10,"column":47}},"type":"if","locations":[{"start":{"line":10,"column":4},"end":{"line":10,"column":47}},{"start":{},"end":{}}],"line":10},"2":{"loc":{"start":{"line":16,"column":12},"end":{"line":16,"column":91}},"type":"if","locations":[{"start":{"line":16,"column":12},"end":{"line":16,"column":91}},{"start":{},"end":{}}],"line":16},"3":{"loc":{"start":{"line":16,"column":16},"end":{"line":16,"column":62}},"type":"binary-expr","locations":[{"start":{"line":16,"column":16},"end":{"line":16,"column":19}},{"start":{"line":16,"column":23},"end":{"line":16,"column":62}}],"line":16}},"s":{"0":0,"1":0,"2":0,"3":0,"4":0,"5":0,"6":0,"7":0,"8":0,"9":0,"10":0,"11":0,"12":0,"13":0,"14":0,"15":0,"16":0},"f":{"0":0,"1":0},"b":{"0":[0,0],"1":[0,0],"2":[0,0],"3":[0,0]}}
,"D:\\Projekty\\apliakcje_Node.js\\mvc_nodejs_crud\\mvc_nodejs_crud\\app\\controllers\\registerController.js": {"path":"D:\\Projekty\\apliakcje_Node.js\\mvc_nodejs_crud\\mvc_nodejs_crud\\app\\controllers\\registerController.js","statementMap":{"0":{"start":{"line":1,"column":13},"end":{"line":1,"column":37}},"1":{"start":{"line":2,"column":15},"end":{"line":2,"column":32}},"2":{"start":{"line":4,"column":22},"end":{"line":28,"column":1}},"3":{"start":{"line":5,"column":26},"end":{"line":5,"column":34}},"4":{"start":{"line":6,"column":4},"end":{"line":6,"column":105}},"5":{"start":{"line":6,"column":23},"end":{"line":6,"column":105}},"6":{"start":{"line":9,"column":22},"end":{"line":9,"column":67}},"7":{"start":{"line":10,"column":4},"end":{"line":10,"column":46}},"8":{"start":{"line":10,"column":19},"end":{"line":10,"column":46}},"9":{"start":{"line":12,"column":4},"end":{"line":27,"column":5}},"10":{"start":{"line":14,"column":26},"end":{"line":14,"column":52}},"11":{"start":{"line":17,"column":23},"end":{"line":20,"column":10}},"12":{"start":{"line":22,"column":8},"end":{"line":22,"column":28}},"13":{"start":{"line":24,"column":8},"end":{"line":24,"column":73}},"14":{"start":{"line":26,"column":8},"end":{"line":26,"column":57}},"15":{"start":{"line":30,"column":0},"end":{"line":30,"column":35}}},"fnMap":{"0":{"name":"(anonymous_0)","decl":{"start":{"line":4,"column":22},"end":{"line":4,"column":23}},"loc":{"start":{"line":4,"column":42},"end":{"line":28,"column":1}},"line":4}},"branchMap":{"0":{"loc":{"start":{"line":6,"column":4},"end":{"line":6,"column":105}},"type":"if","locations":[{"start":{"line":6,"column":4},"end":{"line":6,"column":105}},{"start":{},"end":{}}],"line":6},"1":{"loc":{"start":{"line":6,"column":8},"end":{"line":6,"column":21}},"type":"binary-expr","locations":[{"start":{"line":6,"column":8},"end":{"line":6,"column":13}},{"start":{"line":6,"column":17},"end":{"line":6,"column":21}}],"line":6},"2":{"loc":{"start":{"line":10,"column":4},"end":{"line":10,"column":46}},"type":"if","locations":[{"start":{"line":10,"column":4},"end":{"line":10,"column":46}},{"start":{},"end":{}}],"line":10}},"s":{"0":1,"1":1,"2":1,"3":5,"4":5,"5":2,"6":3,"7":3,"8":1,"9":2,"10":2,"11":2,"12":1,"13":1,"14":1,"15":1},"f":{"0":5},"b":{"0":[2,3],"1":[5,4],"2":[1,2]},"_coverageSchema":"1a1c01bbd47fc00a2c39e90264f33305004495a9","hash":"48ad97f212ef62e50fab9ce7b1a6d6995863d058"}
,"D:\\Projekty\\apliakcje_Node.js\\mvc_nodejs_crud\\mvc_nodejs_crud\\app\\controllers\\usersController.js": {"path":"D:\\Projekty\\apliakcje_Node.js\\mvc_nodejs_crud\\mvc_nodejs_crud\\app\\controllers\\usersController.js","statementMap":{"0":{"start":{"line":1,"column":13},"end":{"line":1,"column":37}},"1":{"start":{"line":3,"column":20},"end":{"line":7,"column":1}},"2":{"start":{"line":4,"column":18},"end":{"line":4,"column":35}},"3":{"start":{"line":5,"column":4},"end":{"line":5,"column":77}},"4":{"start":{"line":5,"column":16},"end":{"line":5,"column":77}},"5":{"start":{"line":6,"column":4},"end":{"line":6,"column":20}},"6":{"start":{"line":9,"column":19},"end":{"line":17,"column":1}},"7":{"start":{"line":10,"column":4},"end":{"line":10,"column":87}},"8":{"start":{"line":10,"column":24},"end":{"line":10,"column":87}},"9":{"start":{"line":11,"column":17},"end":{"line":11,"column":64}},"10":{"start":{"line":12,"column":4},"end":{"line":14,"column":5}},"11":{"start":{"line":13,"column":8},"end":{"line":13,"column":87}},"12":{"start":{"line":15,"column":19},"end":{"line":15,"column":61}},"13":{"start":{"line":16,"column":4},"end":{"line":16,"column":21}},"14":{"start":{"line":19,"column":16},"end":{"line":26,"column":1}},"15":{"start":{"line":20,"column":4},"end":{"line":20,"column":89}},"16":{"start":{"line":20,"column":26},"end":{"line":20,"column":89}},"17":{"start":{"line":21,"column":17},"end":{"line":21,"column":66}},"18":{"start":{"line":22,"column":4},"end":{"line":24,"column":5}},"19":{"start":{"line":23,"column":8},"end":{"line":23,"column":89}},"20":{"start":{"line":25,"column":4},"end":{"line":25,"column":19}},"21":{"start":{"line":28,"column":0},"end":{"line":32,"column":1}}},"fnMap":{"0":{"name":"(anonymous_0)","decl":{"start":{"line":3,"column":20},"end":{"line":3,"column":21}},"loc":{"start":{"line":3,"column":40},"end":{"line":7,"column":1}},"line":3},"1":{"name":"(anonymous_1)","decl":{"start":{"line":9,"column":19},"end":{"line":9,"column":20}},"loc":{"start":{"line":9,"column":39},"end":{"line":17,"column":1}},"line":9},"2":{"name":"(anonymous_2)","decl":{"start":{"line":19,"column":16},"end":{"line":19,"column":17}},"loc":{"start":{"line":19,"column":36},"end":{"line":26,"column":1}},"line":19}},"branchMap":{"0":{"loc":{"start":{"line":5,"column":4},"end":{"line":5,"column":77}},"type":"if","locations":[{"start":{"line":5,"column":4},"end":{"line":5,"column":77}},{"start":{},"end":{}}],"line":5},"1":{"loc":{"start":{"line":10,"column":4},"end":{"line":10,"column":87}},"type":"if","locations":[{"start":{"line":10,"column":4},"end":{"line":10,"column":87}},{"start":{},"end":{}}],"line":10},"2":{"loc":{"start":{"line":12,"column":4},"end":{"line":14,"column":5}},"type":"if","locations":[{"start":{"line":12,"column":4},"end":{"line":14,"column":5}},{"start":{},"end":{}}],"line":12},"3":{"loc":{"start":{"line":20,"column":4},"end":{"line":20,"column":89}},"type":"if","locations":[{"start":{"line":20,"column":4},"end":{"line":20,"column":89}},{"start":{},"end":{}}],"line":20},"4":{"loc":{"start":{"line":22,"column":4},"end":{"line":24,"column":5}},"type":"if","locations":[{"start":{"line":22,"column":4},"end":{"line":24,"column":5}},{"start":{},"end":{}}],"line":22}},"s":{"0":1,"1":1,"2":2,"3":2,"4":1,"5":1,"6":1,"7":3,"8":1,"9":2,"10":2,"11":1,"12":1,"13":1,"14":1,"15":3,"16":1,"17":2,"18":2,"19":1,"20":1,"21":1},"f":{"0":2,"1":3,"2":3},"b":{"0":[1,1],"1":[1,2],"2":[1,1],"3":[1,2],"4":[1,1]},"_coverageSchema":"1a1c01bbd47fc00a2c39e90264f33305004495a9","hash":"711c32a8acd14e3d695761548e3c92865f180fb9"}
,"D:\\Projekty\\apliakcje_Node.js\\mvc_nodejs_crud\\mvc_nodejs_crud\\app\\middleware\\credentials.js": {"path":"D:\\Projekty\\apliakcje_Node.js\\mvc_nodejs_crud\\mvc_nodejs_crud\\app\\middleware\\credentials.js","statementMap":{"0":{"start":{"line":1,"column":23},"end":{"line":1,"column":61}},"1":{"start":{"line":3,"column":20},"end":{"line":9,"column":1}},"2":{"start":{"line":4,"column":19},"end":{"line":4,"column":37}},"3":{"start":{"line":5,"column":4},"end":{"line":7,"column":5}},"4":{"start":{"line":6,"column":8},"end":{"line":6,"column":61}},"5":{"start":{"line":8,"column":4},"end":{"line":8,"column":11}},"6":{"start":{"line":11,"column":0},"end":{"line":11,"column":28}}},"fnMap":{"0":{"name":"(anonymous_0)","decl":{"start":{"line":3,"column":20},"end":{"line":3,"column":21}},"loc":{"start":{"line":3,"column":40},"end":{"line":9,"column":1}},"line":3}},"branchMap":{"0":{"loc":{"start":{"line":5,"column":4},"end":{"line":7,"column":5}},"type":"if","locations":[{"start":{"line":5,"column":4},"end":{"line":7,"column":5}},{"start":{},"end":{}}],"line":5}},"s":{"0":0,"1":0,"2":0,"3":0,"4":0,"5":0,"6":0},"f":{"0":0},"b":{"0":[0,0]}}
,"D:\\Projekty\\apliakcje_Node.js\\mvc_nodejs_crud\\mvc_nodejs_crud\\app\\middleware\\errorHandler.js": {"path":"D:\\Projekty\\apliakcje_Node.js\\mvc_nodejs_crud\\mvc_nodejs_crud\\app\\middleware\\errorHandler.js","statementMap":{"0":{"start":{"line":1,"column":22},"end":{"line":1,"column":44}},"1":{"start":{"line":3,"column":21},"end":{"line":7,"column":1}},"2":{"start":{"line":4,"column":4},"end":{"line":4,"column":61}},"3":{"start":{"line":5,"column":4},"end":{"line":5,"column":28}},"4":{"start":{"line":6,"column":4},"end":{"line":6,"column":38}},"5":{"start":{"line":9,"column":0},"end":{"line":9,"column":30}}},"fnMap":{"0":{"name":"(anonymous_0)","decl":{"start":{"line":3,"column":21},"end":{"line":3,"column":22}},"loc":{"start":{"line":3,"column":46},"end":{"line":7,"column":1}},"line":3}},"branchMap":{},"s":{"0":0,"1":0,"2":0,"3":0,"4":0,"5":0},"f":{"0":0},"b":{}}
,"D:\\Projekty\\apliakcje_Node.js\\mvc_nodejs_crud\\mvc_nodejs_crud\\app\\middleware\\logEvents.js": {"path":"D:\\Projekty\\apliakcje_Node.js\\mvc_nodejs_crud\\mvc_nodejs_crud\\app\\middleware\\logEvents.js","statementMap":{"0":{"start":{"line":1,"column":19},"end":{"line":1,"column":38}},"1":{"start":{"line":2,"column":11},"end":{"line":2,"column":24}},"2":{"start":{"line":3,"column":19},"end":{"line":3,"column":41}},"3":{"start":{"line":4,"column":13},"end":{"line":4,"column":28}},"4":{"start":{"line":6,"column":18},"end":{"line":19,"column":1}},"5":{"start":{"line":7,"column":21},"end":{"line":7,"column":66}},"6":{"start":{"line":8,"column":20},"end":{"line":8,"column":47}},"7":{"start":{"line":10,"column":4},"end":{"line":18,"column":5}},"8":{"start":{"line":11,"column":8},"end":{"line":13,"column":9}},"9":{"start":{"line":12,"column":12},"end":{"line":12,"column":77}},"10":{"start":{"line":15,"column":8},"end":{"line":15,"column":96}},"11":{"start":{"line":17,"column":8},"end":{"line":17,"column":25}},"12":{"start":{"line":21,"column":15},"end":{"line":25,"column":1}},"13":{"start":{"line":22,"column":4},"end":{"line":22,"column":84}},"14":{"start":{"line":23,"column":4},"end":{"line":23,"column":45}},"15":{"start":{"line":24,"column":4},"end":{"line":24,"column":11}},"16":{"start":{"line":27,"column":0},"end":{"line":27,"column":39}}},"fnMap":{"0":{"name":"(anonymous_0)","decl":{"start":{"line":6,"column":18},"end":{"line":6,"column":19}},"loc":{"start":{"line":6,"column":46},"end":{"line":19,"column":1}},"line":6},"1":{"name":"(anonymous_1)","decl":{"start":{"line":21,"column":15},"end":{"line":21,"column":16}},"loc":{"start":{"line":21,"column":35},"end":{"line":25,"column":1}},"line":21}},"branchMap":{"0":{"loc":{"start":{"line":11,"column":8},"end":{"line":13,"column":9}},"type":"if","locations":[{"start":{"line":11,"column":8},"end":{"line":13,"column":9}},{"start":{},"end":{}}],"line":11}},"s":{"0":0,"1":0,"2":0,"3":0,"4":0,"5":0,"6":0,"7":0,"8":0,"9":0,"10":0,"11":0,"12":0,"13":0,"14":0,"15":0,"16":0},"f":{"0":0,"1":0},"b":{"0":[0,0]}}
,"D:\\Projekty\\apliakcje_Node.js\\mvc_nodejs_crud\\mvc_nodejs_crud\\app\\middleware\\verifyJWT.js": {"path":"D:\\Projekty\\apliakcje_Node.js\\mvc_nodejs_crud\\mvc_nodejs_crud\\app\\middleware\\verifyJWT.js","statementMap":{"0":{"start":{"line":1,"column":12},"end":{"line":1,"column":35}},"1":{"start":{"line":3,"column":18},"end":{"line":18,"column":1}},"2":{"start":{"line":4,"column":23},"end":{"line":4,"column":77}},"3":{"start":{"line":5,"column":4},"end":{"line":5,"column":71}},"4":{"start":{"line":5,"column":44},"end":{"line":5,"column":71}},"5":{"start":{"line":6,"column":18},"end":{"line":6,"column":42}},"6":{"start":{"line":7,"column":4},"end":{"line":7,"column":22}},"7":{"start":{"line":8,"column":4},"end":{"line":17,"column":6}},"8":{"start":{"line":12,"column":12},"end":{"line":12,"column":48}},"9":{"start":{"line":12,"column":21},"end":{"line":12,"column":48}},"10":{"start":{"line":13,"column":12},"end":{"line":13,"column":49}},"11":{"start":{"line":14,"column":12},"end":{"line":14,"column":47}},"12":{"start":{"line":15,"column":12},"end":{"line":15,"column":19}},"13":{"start":{"line":20,"column":0},"end":{"line":20,"column":26}}},"fnMap":{"0":{"name":"(anonymous_0)","decl":{"start":{"line":3,"column":18},"end":{"line":3,"column":19}},"loc":{"start":{"line":3,"column":38},"end":{"line":18,"column":1}},"line":3},"1":{"name":"(anonymous_1)","decl":{"start":{"line":11,"column":8},"end":{"line":11,"column":9}},"loc":{"start":{"line":11,"column":26},"end":{"line":16,"column":9}},"line":11}},"branchMap":{"0":{"loc":{"start":{"line":4,"column":23},"end":{"line":4,"column":77}},"type":"binary-expr","locations":[{"start":{"line":4,"column":23},"end":{"line":4,"column":48}},{"start":{"line":4,"column":52},"end":{"line":4,"column":77}}],"line":4},"1":{"loc":{"start":{"line":5,"column":4},"end":{"line":5,"column":71}},"type":"if","locations":[{"start":{"line":5,"column":4},"end":{"line":5,"column":71}},{"start":{},"end":{}}],"line":5},"2":{"loc":{"start":{"line":12,"column":12},"end":{"line":12,"column":48}},"type":"if","locations":[{"start":{"line":12,"column":12},"end":{"line":12,"column":48}},{"start":{},"end":{}}],"line":12}},"s":{"0":0,"1":0,"2":0,"3":0,"4":0,"5":0,"6":0,"7":0,"8":0,"9":0,"10":0,"11":0,"12":0,"13":0},"f":{"0":0,"1":0},"b":{"0":[0,0],"1":[0,0],"2":[0,0]}}
,"D:\\Projekty\\apliakcje_Node.js\\mvc_nodejs_crud\\mvc_nodejs_crud\\app\\middleware\\verifyRoles.js": {"path":"D:\\Projekty\\apliakcje_Node.js\\mvc_nodejs_crud\\mvc_nodejs_crud\\app\\middleware\\verifyRoles.js","statementMap":{"0":{"start":{"line":1,"column":20},"end":{"line":9,"column":1}},"1":{"start":{"line":2,"column":4},"end":{"line":8,"column":5}},"2":{"start":{"line":3,"column":8},"end":{"line":3,"column":52}},"3":{"start":{"line":3,"column":25},"end":{"line":3,"column":52}},"4":{"start":{"line":4,"column":27},"end":{"line":4,"column":44}},"5":{"start":{"line":5,"column":23},"end":{"line":5,"column":97}},"6":{"start":{"line":5,"column":45},"end":{"line":5,"column":70}},"7":{"start":{"line":5,"column":84},"end":{"line":5,"column":96}},"8":{"start":{"line":6,"column":8},"end":{"line":6,"column":48}},"9":{"start":{"line":6,"column":21},"end":{"line":6,"column":48}},"10":{"start":{"line":7,"column":8},"end":{"line":7,"column":15}},"11":{"start":{"line":11,"column":0},"end":{"line":11,"column":28}}},"fnMap":{"0":{"name":"(anonymous_0)","decl":{"start":{"line":1,"column":20},"end":{"line":1,"column":21}},"loc":{"start":{"line":1,"column":41},"end":{"line":9,"column":1}},"line":1},"1":{"name":"(anonymous_1)","decl":{"start":{"line":2,"column":11},"end":{"line":2,"column":12}},"loc":{"start":{"line":2,"column":31},"end":{"line":8,"column":5}},"line":2},"2":{"name":"(anonymous_2)","decl":{"start":{"line":5,"column":37},"end":{"line":5,"column":38}},"loc":{"start":{"line":5,"column":45},"end":{"line":5,"column":70}},"line":5},"3":{"name":"(anonymous_3)","decl":{"start":{"line":5,"column":77},"end":{"line":5,"column":78}},"loc":{"start":{"line":5,"column":84},"end":{"line":5,"column":96}},"line":5}},"branchMap":{"0":{"loc":{"start":{"line":3,"column":8},"end":{"line":3,"column":52}},"type":"if","locations":[{"start":{"line":3,"column":8},"end":{"line":3,"column":52}},{"start":{},"end":{}}],"line":3},"1":{"loc":{"start":{"line":6,"column":8},"end":{"line":6,"column":48}},"type":"if","locations":[{"start":{"line":6,"column":8},"end":{"line":6,"column":48}},{"start":{},"end":{}}],"line":6}},"s":{"0":0,"1":0,"2":0,"3":0,"4":0,"5":0,"6":0,"7":0,"8":0,"9":0,"10":0,"11":0},"f":{"0":0,"1":0,"2":0,"3":0},"b":{"0":[0,0],"1":[0,0]}}
,"D:\\Projekty\\apliakcje_Node.js\\mvc_nodejs_crud\\mvc_nodejs_crud\\app\\model\\Employee.js": {"path":"D:\\Projekty\\apliakcje_Node.js\\mvc_nodejs_crud\\mvc_nodejs_crud\\app\\model\\Employee.js","statementMap":{"0":{"start":{"line":1,"column":17},"end":{"line":1,"column":36}},"1":{"start":{"line":2,"column":15},"end":{"line":2,"column":30}},"2":{"start":{"line":4,"column":23},"end":{"line":13,"column":2}},"3":{"start":{"line":15,"column":0},"end":{"line":15,"column":60}}},"fnMap":{},"branchMap":{},"s":{"0":1,"1":1,"2":1,"3":1},"f":{},"b":{},"_coverageSchema":"1a1c01bbd47fc00a2c39e90264f33305004495a9","hash":"840af2fa77bc26ce00f1572b33f494a8027cfc73"}
,"D:\\Projekty\\apliakcje_Node.js\\mvc_nodejs_crud\\mvc_nodejs_crud\\app\\model\\User.js": {"path":"D:\\Projekty\\apliakcje_Node.js\\mvc_nodejs_crud\\mvc_nodejs_crud\\app\\model\\User.js","statementMap":{"0":{"start":{"line":1,"column":17},"end":{"line":1,"column":36}},"1":{"start":{"line":2,"column":15},"end":{"line":2,"column":30}},"2":{"start":{"line":4,"column":19},"end":{"line":22,"column":2}},"3":{"start":{"line":24,"column":0},"end":{"line":24,"column":52}}},"fnMap":{},"branchMap":{},"s":{"0":3,"1":3,"2":3,"3":3},"f":{},"b":{},"_coverageSchema":"1a1c01bbd47fc00a2c39e90264f33305004495a9","hash":"4fe0a03419fdafb36e003f17bb7d6bb04d644044"}
,"D:\\Projekty\\apliakcje_Node.js\\mvc_nodejs_crud\\mvc_nodejs_crud\\app\\routes\\auth.js": {"path":"D:\\Projekty\\apliakcje_Node.js\\mvc_nodejs_crud\\mvc_nodejs_crud\\app\\routes\\auth.js","statementMap":{"0":{"start":{"line":1,"column":16},"end":{"line":1,"column":34}},"1":{"start":{"line":2,"column":15},"end":{"line":2,"column":31}},"2":{"start":{"line":3,"column":23},"end":{"line":3,"column":63}},"3":{"start":{"line":5,"column":0},"end":{"line":5,"column":45}},"4":{"start":{"line":7,"column":0},"end":{"line":7,"column":24}}},"fnMap":{},"branchMap":{},"s":{"0":0,"1":0,"2":0,"3":0,"4":0},"f":{},"b":{}}
,"D:\\Projekty\\apliakcje_Node.js\\mvc_nodejs_crud\\mvc_nodejs_crud\\app\\routes\\logout.js": {"path":"D:\\Projekty\\apliakcje_Node.js\\mvc_nodejs_crud\\mvc_nodejs_crud\\app\\routes\\logout.js","statementMap":{"0":{"start":{"line":1,"column":16},"end":{"line":1,"column":34}},"1":{"start":{"line":2,"column":15},"end":{"line":2,"column":31}},"2":{"start":{"line":3,"column":25},"end":{"line":3,"column":67}},"3":{"start":{"line":5,"column":0},"end":{"line":5,"column":47}},"4":{"start":{"line":7,"column":0},"end":{"line":7,"column":24}}},"fnMap":{},"branchMap":{},"s":{"0":0,"1":0,"2":0,"3":0,"4":0},"f":{},"b":{}}
,"D:\\Projekty\\apliakcje_Node.js\\mvc_nodejs_crud\\mvc_nodejs_crud\\app\\routes\\refresh.js": {"path":"D:\\Projekty\\apliakcje_Node.js\\mvc_nodejs_crud\\mvc_nodejs_crud\\app\\routes\\refresh.js","statementMap":{"0":{"start":{"line":1,"column":16},"end":{"line":1,"column":34}},"1":{"start":{"line":2,"column":15},"end":{"line":2,"column":31}},"2":{"start":{"line":3,"column":31},"end":{"line":3,"column":79}},"3":{"start":{"line":5,"column":0},"end":{"line":5,"column":59}},"4":{"start":{"line":7,"column":0},"end":{"line":7,"column":24}}},"fnMap":{},"branchMap":{},"s":{"0":0,"1":0,"2":0,"3":0,"4":0},"f":{},"b":{}}
,"D:\\Projekty\\apliakcje_Node.js\\mvc_nodejs_crud\\mvc_nodejs_crud\\app\\routes\\register.js": {"path":"D:\\Projekty\\apliakcje_Node.js\\mvc_nodejs_crud\\mvc_nodejs_crud\\app\\routes\\register.js","statementMap":{"0":{"start":{"line":1,"column":16},"end":{"line":1,"column":34}},"1":{"start":{"line":2,"column":15},"end":{"line":2,"column":31}},"2":{"start":{"line":3,"column":27},"end":{"line":3,"column":71}},"3":{"start":{"line":5,"column":0},"end":{"line":5,"column":51}},"4":{"start":{"line":7,"column":0},"end":{"line":7,"column":24}}},"fnMap":{},"branchMap":{},"s":{"0":0,"1":0,"2":0,"3":0,"4":0},"f":{},"b":{}}
,"D:\\Projekty\\apliakcje_Node.js\\mvc_nodejs_crud\\mvc_nodejs_crud\\app\\routes\\root.js": {"path":"D:\\Projekty\\apliakcje_Node.js\\mvc_nodejs_crud\\mvc_nodejs_crud\\app\\routes\\root.js","statementMap":{"0":{"start":{"line":1,"column":16},"end":{"line":1,"column":34}},"1":{"start":{"line":2,"column":15},"end":{"line":2,"column":31}},"2":{"start":{"line":3,"column":13},"end":{"line":3,"column":28}},"3":{"start":{"line":5,"column":0},"end":{"line":7,"column":3}},"4":{"start":{"line":6,"column":4},"end":{"line":6,"column":68}},"5":{"start":{"line":9,"column":0},"end":{"line":9,"column":24}}},"fnMap":{"0":{"name":"(anonymous_0)","decl":{"start":{"line":5,"column":33},"end":{"line":5,"column":34}},"loc":{"start":{"line":5,"column":47},"end":{"line":7,"column":1}},"line":5}},"branchMap":{},"s":{"0":0,"1":0,"2":0,"3":0,"4":0,"5":0},"f":{"0":0},"b":{}}
,"D:\\Projekty\\apliakcje_Node.js\\mvc_nodejs_crud\\mvc_nodejs_crud\\app\\routes\\api\\employees.js": {"path":"D:\\Projekty\\apliakcje_Node.js\\mvc_nodejs_crud\\mvc_nodejs_crud\\app\\routes\\api\\employees.js","statementMap":{"0":{"start":{"line":1,"column":16},"end":{"line":1,"column":34}},"1":{"start":{"line":2,"column":15},"end":{"line":2,"column":31}},"2":{"start":{"line":3,"column":28},"end":{"line":3,"column":76}},"3":{"start":{"line":4,"column":19},"end":{"line":4,"column":56}},"4":{"start":{"line":5,"column":20},"end":{"line":5,"column":59}},"5":{"start":{"line":7,"column":0},"end":{"line":11,"column":79}},"6":{"start":{"line":13,"column":0},"end":{"line":14,"column":42}},"7":{"start":{"line":16,"column":0},"end":{"line":16,"column":24}}},"fnMap":{},"branchMap":{},"s":{"0":0,"1":0,"2":0,"3":0,"4":0,"5":0,"6":0,"7":0},"f":{},"b":{}}
,"D:\\Projekty\\apliakcje_Node.js\\mvc_nodejs_crud\\mvc_nodejs_crud\\app\\routes\\api\\users.js": {"path":"D:\\Projekty\\apliakcje_Node.js\\mvc_nodejs_crud\\mvc_nodejs_crud\\app\\routes\\api\\users.js","statementMap":{"0":{"start":{"line":1,"column":16},"end":{"line":1,"column":34}},"1":{"start":{"line":2,"column":15},"end":{"line":2,"column":31}},"2":{"start":{"line":3,"column":24},"end":{"line":3,"column":68}},"3":{"start":{"line":4,"column":19},"end":{"line":4,"column":56}},"4":{"start":{"line":5,"column":20},"end":{"line":5,"column":59}},"5":{"start":{"line":7,"column":0},"end":{"line":9,"column":71}},"6":{"start":{"line":11,"column":0},"end":{"line":12,"column":65}},"7":{"start":{"line":14,"column":0},"end":{"line":14,"column":24}}},"fnMap":{},"branchMap":{},"s":{"0":0,"1":0,"2":0,"3":0,"4":0,"5":0,"6":0,"7":0},"f":{},"b":{}}
}
