TN:
SF:app\controllers\authController.js
FN:5,(anonymous_0)
FNF:1
FNH:1
FNDA:5,(anonymous_0)
DA:1,1
DA:2,1
DA:3,1
DA:5,1
DA:6,5
DA:7,5
DA:9,3
DA:10,3
DA:12,2
DA:13,2
DA:14,1
DA:16,1
DA:26,1
DA:32,1
DA:33,1
DA:34,1
DA:35,1
DA:38,1
DA:41,1
DA:44,1
DA:48,1
LF:21
LH:21
BRDA:7,0,0,2
BRDA:7,0,1,3
BRDA:7,1,0,5
BRDA:7,1,1,4
BRDA:10,2,0,1
BRDA:10,2,1,2
BRDA:13,3,0,1
BRDA:13,3,1,1
BRF:8
BRH:8
end_of_record
TN:
SF:app\controllers\employeesController.js
FN:3,(anonymous_0)
FN:9,(anonymous_1)
FN:26,(anonymous_2)
FN:41,(anonymous_3)
FN:52,(anonymous_4)
FNF:5
FNH:5
FNDA:2,(anonymous_0)
FNDA:3,(anonymous_1)
FNDA:3,(anonymous_2)
FNDA:3,(anonymous_3)
FNDA:3,(anonymous_4)
DA:1,1
DA:3,1
DA:4,2
DA:5,2
DA:6,1
DA:9,1
DA:10,3
DA:11,2
DA:14,1
DA:15,1
DA:20,1
DA:22,0
DA:26,1
DA:27,3
DA:28,1
DA:31,2
DA:32,2
DA:33,1
DA:35,1
DA:36,1
DA:37,1
DA:38,1
DA:41,1
DA:42,3
DA:44,2
DA:45,2
DA:46,1
DA:48,1
DA:49,1
DA:52,1
DA:53,3
DA:55,2
DA:56,2
DA:57,1
DA:59,1
DA:62,1
LF:36
LH:35
BRDA:5,0,0,1
BRDA:5,0,1,1
BRDA:10,1,0,2
BRDA:10,1,1,1
BRDA:10,2,0,3
BRDA:10,2,1,2
BRDA:27,3,0,1
BRDA:27,3,1,2
BRDA:32,4,0,1
BRDA:32,4,1,1
BRDA:35,5,0,1
BRDA:35,5,1,0
BRDA:36,6,0,1
BRDA:36,6,1,0
BRDA:42,7,0,1
BRDA:42,7,1,2
BRDA:45,8,0,1
BRDA:45,8,1,1
BRDA:53,9,0,1
BRDA:53,9,1,2
BRDA:56,10,0,1
BRDA:56,10,1,1
BRF:22
BRH:20
end_of_record
TN:
SF:app\controllers\logoutController.js
FN:3,(anonymous_0)
FNF:1
FNH:0
FNDA:0,(anonymous_0)
DA:1,0
DA:3,0
DA:6,0
DA:7,0
DA:8,0
DA:11,0
DA:12,0
DA:13,0
DA:14,0
DA:18,0
DA:19,0
DA:20,0
DA:22,0
DA:23,0
DA:26,0
LF:15
LH:0
BRDA:7,0,0,0
BRDA:7,0,1,0
BRDA:12,1,0,0
BRDA:12,1,1,0
BRF:4
BRH:0
end_of_record
TN:
SF:app\controllers\refreshTokenController.js
FN:4,(anonymous_0)
FN:15,(anonymous_1)
FNF:2
FNH:0
FNDA:0,(anonymous_0)
FNDA:0,(anonymous_1)
DA:1,0
DA:2,0
DA:4,0
DA:5,0
DA:6,0
DA:7,0
DA:9,0
DA:10,0
DA:12,0
DA:16,0
DA:17,0
DA:18,0
DA:28,0
DA:33,0
LF:14
LH:0
BRDA:6,0,0,0
BRDA:6,0,1,0
BRDA:10,1,0,0
BRDA:10,1,1,0
BRDA:16,2,0,0
BRDA:16,2,1,0
BRDA:16,3,0,0
BRDA:16,3,1,0
BRF:8
BRH:0
end_of_record
TN:
SF:app\controllers\registerController.js
FN:4,(anonymous_0)
FNF:1
FNH:1
FNDA:5,(anonymous_0)
DA:1,1
DA:2,1
DA:4,1
DA:5,5
DA:6,5
DA:9,3
DA:10,3
DA:12,2
DA:14,2
DA:17,2
DA:22,1
DA:24,1
DA:26,1
DA:30,1
LF:14
LH:14
BRDA:6,0,0,2
BRDA:6,0,1,3
BRDA:6,1,0,5
BRDA:6,1,1,4
BRDA:10,2,0,1
BRDA:10,2,1,2
BRF:6
BRH:6
end_of_record
TN:
SF:app\controllers\usersController.js
FN:3,(anonymous_0)
FN:9,(anonymous_1)
FN:19,(anonymous_2)
FNF:3
FNH:3
FNDA:2,(anonymous_0)
FNDA:3,(anonymous_1)
FNDA:3,(anonymous_2)
DA:1,1
DA:3,1
DA:4,2
DA:5,2
DA:6,1
DA:9,1
DA:10,3
DA:11,2
DA:12,2
DA:13,1
DA:15,1
DA:16,1
DA:19,1
DA:20,3
DA:21,2
DA:22,2
DA:23,1
DA:25,1
DA:28,1
LF:19
LH:19
BRDA:5,0,0,1
BRDA:5,0,1,1
BRDA:10,1,0,1
BRDA:10,1,1,2
BRDA:12,2,0,1
BRDA:12,2,1,1
BRDA:20,3,0,1
BRDA:20,3,1,2
BRDA:22,4,0,1
BRDA:22,4,1,1
BRF:10
BRH:10
end_of_record
TN:
SF:app\middleware\credentials.js
FN:3,(anonymous_0)
FNF:1
FNH:0
FNDA:0,(anonymous_0)
DA:1,0
DA:3,0
DA:4,0
DA:5,0
DA:6,0
DA:8,0
DA:11,0
LF:7
LH:0
BRDA:5,0,0,0
BRDA:5,0,1,0
BRF:2
BRH:0
end_of_record
TN:
SF:app\middleware\errorHandler.js
FN:3,(anonymous_0)
FNF:1
FNH:0
FNDA:0,(anonymous_0)
DA:1,0
DA:3,0
DA:4,0
DA:5,0
DA:6,0
DA:9,0
LF:6
LH:0
BRF:0
BRH:0
end_of_record
TN:
SF:app\middleware\logEvents.js
FN:6,(anonymous_0)
FN:21,(anonymous_1)
FNF:2
FNH:0
FNDA:0,(anonymous_0)
FNDA:0,(anonymous_1)
DA:1,0
DA:2,0
DA:3,0
DA:4,0
DA:6,0
DA:7,0
DA:8,0
DA:10,0
DA:11,0
DA:12,0
DA:15,0
DA:17,0
DA:21,0
DA:22,0
DA:23,0
DA:24,0
DA:27,0
LF:17
LH:0
BRDA:11,0,0,0
BRDA:11,0,1,0
BRF:2
BRH:0
end_of_record
TN:
SF:app\middleware\verifyJWT.js
FN:3,(anonymous_0)
FN:11,(anonymous_1)
FNF:2
FNH:0
FNDA:0,(anonymous_0)
FNDA:0,(anonymous_1)
DA:1,0
DA:3,0
DA:4,0
DA:5,0
DA:6,0
DA:7,0
DA:8,0
DA:12,0
DA:13,0
DA:14,0
DA:15,0
DA:20,0
LF:12
LH:0
BRDA:4,0,0,0
BRDA:4,0,1,0
BRDA:5,1,0,0
BRDA:5,1,1,0
BRDA:12,2,0,0
BRDA:12,2,1,0
BRF:6
BRH:0
end_of_record
TN:
SF:app\middleware\verifyRoles.js
FN:1,(anonymous_0)
FN:2,(anonymous_1)
FN:5,(anonymous_2)
FN:5,(anonymous_3)
FNF:4
FNH:0
FNDA:0,(anonymous_0)
FNDA:0,(anonymous_1)
FNDA:0,(anonymous_2)
FNDA:0,(anonymous_3)
DA:1,0
DA:2,0
DA:3,0
DA:4,0
DA:5,0
DA:6,0
DA:7,0
DA:11,0
LF:8
LH:0
BRDA:3,0,0,0
BRDA:3,0,1,0
BRDA:6,1,0,0
BRDA:6,1,1,0
BRF:4
BRH:0
end_of_record
TN:
SF:app\model\Employee.js
FNF:0
FNH:0
DA:1,1
DA:2,1
DA:4,1
DA:15,1
LF:4
LH:4
BRF:0
BRH:0
end_of_record
TN:
SF:app\model\User.js
FNF:0
FNH:0
DA:1,3
DA:2,3
DA:4,3
DA:24,3
LF:4
LH:4
BRF:0
BRH:0
end_of_record
TN:
SF:app\routes\auth.js
FNF:0
FNH:0
DA:1,0
DA:2,0
DA:3,0
DA:5,0
DA:7,0
LF:5
LH:0
BRF:0
BRH:0
end_of_record
TN:
SF:app\routes\logout.js
FNF:0
FNH:0
DA:1,0
DA:2,0
DA:3,0
DA:5,0
DA:7,0
LF:5
LH:0
BRF:0
BRH:0
end_of_record
TN:
SF:app\routes\refresh.js
FNF:0
FNH:0
DA:1,0
DA:2,0
DA:3,0
DA:5,0
DA:7,0
LF:5
LH:0
BRF:0
BRH:0
end_of_record
TN:
SF:app\routes\register.js
FNF:0
FNH:0
DA:1,0
DA:2,0
DA:3,0
DA:5,0
DA:7,0
LF:5
LH:0
BRF:0
BRH:0
end_of_record
TN:
SF:app\routes\root.js
FN:5,(anonymous_0)
FNF:1
FNH:0
FNDA:0,(anonymous_0)
DA:1,0
DA:2,0
DA:3,0
DA:5,0
DA:6,0
DA:9,0
LF:6
LH:0
BRF:0
BRH:0
end_of_record
TN:
SF:app\routes\api\employees.js
FNF:0
FNH:0
DA:1,0
DA:2,0
DA:3,0
DA:4,0
DA:5,0
DA:7,0
DA:13,0
DA:16,0
LF:8
LH:0
BRF:0
BRH:0
end_of_record
TN:
SF:app\routes\api\users.js
FNF:0
FNH:0
DA:1,0
DA:2,0
DA:3,0
DA:4,0
DA:5,0
DA:7,0
DA:11,0
DA:14,0
LF:8
LH:0
BRF:0
BRH:0
end_of_record
